2024-02-17 11:32:41 [main] INFO  PetTestCases:63 - ************************Creating a pet*********************************
2024-02-17 11:32:50 [main] INFO  PetTestCases:80 - ************************A pet is created*********************************
2024-02-17 11:32:50 [main] INFO  PetTestCases:86 - ************************Retrieving pet info*********************************
2024-02-17 11:32:51 [main] INFO  PetTestCases:93 - ************************Pet info is retrieved*********************************
2024-02-17 11:32:51 [main] INFO  PetTestCases:99 - ************************Updating a pet*********************************
2024-02-17 11:32:52 [main] INFO  PetTestCases:108 - ************************Pet is updated*********************************
2024-02-17 11:32:52 [main] INFO  PetTestCases:113 - ************************Deleting pet*********************************
2024-02-17 11:32:53 [main] INFO  PetTestCases:121 - ************************Pet is deleted*********************************
2024-02-17 11:32:53 [main] INFO  PetTestCases:123 - ************************Retrieving deleted pet*********************************
2024-02-17 11:32:54 [main] INFO  PetTestCases:127 - ************************Pet info not found, pet deleted successfully*********************************
2024-02-17 11:40:27 [main] INFO  PetTestCases:63 - ************************Creating a pet*********************************
2024-02-17 11:40:33 [main] INFO  PetTestCases:80 - ************************A pet is created*********************************
2024-02-17 11:40:33 [main] INFO  PetTestCases:86 - ************************Retrieving pet info*********************************
2024-02-17 11:40:34 [main] INFO  PetTestCases:93 - ************************Pet info is retrieved*********************************
2024-02-17 11:40:34 [main] INFO  PetTestCases:99 - ************************Updating a pet*********************************
2024-02-17 11:40:35 [main] INFO  PetTestCases:108 - ************************Pet is updated*********************************
2024-02-17 11:40:35 [main] INFO  PetTestCases:113 - ************************Deleting pet*********************************
2024-02-17 11:40:36 [main] INFO  PetTestCases:121 - ************************Pet is deleted*********************************
2024-02-17 11:40:36 [main] INFO  PetTestCases:123 - ************************Retrieving deleted pet*********************************
2024-02-17 11:40:37 [main] INFO  PetTestCases:127 - ************************Pet info not found, pet deleted successfully*********************************
